{"C:\\Users\\Computer\\Desktop\\TestTest\\src\\calculate.js": {"path":"C:\\Users\\Computer\\Desktop\\TestTest\\src\\calculate.js","statementMap":{"0":{"start":{"line":2,"column":13},"end":{"line":4,"column":6}},"1":{"start":{"line":3,"column":2},"end":{"line":3,"column":42}},"2":{"start":{"line":5,"column":1},"end":{"line":7,"column":2}},"3":{"start":{"line":6,"column":2},"end":{"line":6,"column":21}},"4":{"start":{"line":8,"column":1},"end":{"line":8,"column":12}}},"fnMap":{"0":{"name":"calculateTotal","decl":{"start":{"line":1,"column":16},"end":{"line":1,"column":30}},"loc":{"start":{"line":1,"column":57},"end":{"line":9,"column":1}},"line":1},"1":{"name":"(anonymous_1)","decl":{"start":{"line":2,"column":30},"end":{"line":2,"column":31}},"loc":{"start":{"line":2,"column":47},"end":{"line":4,"column":2}},"line":2}},"branchMap":{"0":{"loc":{"start":{"line":5,"column":1},"end":{"line":7,"column":2}},"type":"if","locations":[{"start":{"line":5,"column":1},"end":{"line":7,"column":2}},{"start":{},"end":{}}],"line":5}},"s":{"0":2,"1":4,"2":2,"3":1,"4":1},"f":{"0":2,"1":4},"b":{"0":[1,1]},"_coverageSchema":"1a1c01bbd47fc00a2c39e90264f33305004495a9","hash":"a47d43399ca557305389b9b979b83ca35a723c0b"}
}
